[INFO] Scanning for projects...
[INFO] 
[INFO] --------------------< com.scrabble:scrabble-client >--------------------
[INFO] Building Scrabble Client 1.0.0
[INFO]   from pom.xml
[INFO] --------------------------------[ jar ]---------------------------------
[INFO] 
[INFO] >>> javafx:0.0.8:run (default-cli) > process-classes @ scrabble-client >>>
[WARNING] 6 problems were encountered while building the effective model for org.openjfx:javafx-controls:jar:21.0.1 during dependency collection step for project (use -X to see details)
[INFO] 
[INFO] --- resources:3.3.1:resources (default-resources) @ scrabble-client ---
[INFO] Copying 3 resources from src/main/resources to target/classes
[INFO] 
[INFO] --- compiler:3.11.0:compile (default-compile) @ scrabble-client ---
[INFO] Nothing to compile - all classes are up to date
[INFO] 
[INFO] <<< javafx:0.0.8:run (default-cli) < process-classes @ scrabble-client <<<
[INFO] 
[INFO] 
[INFO] --- javafx:0.0.8:run (default-cli) @ scrabble-client ---
[main] INFO com.scrabble.client.MainApplication - Starting Scrabble Game Client
[JavaFX Application Thread] INFO com.scrabble.client.controller.AppController - AppController initialized
[JavaFX Application Thread] INFO com.scrabble.client.MainApplication - Scrabble client application started successfully
[WebSocketConnectReadThread-51] INFO com.scrabble.client.websocket.GameWebSocketClient - WebSocket connection opened to game server
[WebSocketConnectReadThread-51] INFO com.scrabble.client.MainApplication - Connected to game server
